[18:14:12.550] INFO (1): Spawned Ffmpeg with command: ffmpeg -stream_loop -1 -re -i /app/storage/videos/MB16.mp4 -pix_fmt yuvj420p -b:v 6800k -minrate 6800k -maxrate 6800k -bufsize 13600k -b:a 320k -ar 44100 -vcodec libx264 -acodec aac -preset medium -r 30 -g 120 -tune zerolatency -threads 4 -f flv -reconnect 1 -reconnect_streamed 1 -reconnect_delay_max 5 rtmp://a.rtmp.youtube.com/live2/tbmw-c0tf-1656-65vf-5h4h
[18:14:31.822] ERROR (1): An error occurred: ffmpeg was killed with signal SIGKILL
[18:14:53.263] INFO (1): Spawned Ffmpeg with command: ffmpeg -stream_loop -1 -re -i /app/storage/videos/1MB16.mp4 -pix_fmt yuvj420p -b:v 6800k -minrate 6800k -maxrate 6800k -bufsize 13600k -b:a 320k -ar 44100 -vcodec libx264 -acodec aac -preset medium -r 30 -g 120 -tune zerolatency -threads 4 -f flv -reconnect 1 -reconnect_streamed 1 -reconnect_delay_max 5 rtmp://a.rtmp.youtube.com/live2/tbmw-c0tf-1656-65vf-5h4h
[18:14:53.291] ERROR (1): An error occurred: ffmpeg exited with code 1: /app/storage/videos/1MB16.mp4: No such file or directory

[18:16:26.713] INFO (1): Spawned Ffmpeg with command: ffmpeg -stream_loop -1 -re -i /app/storage/videos/1MB16.mp4 -pix_fmt yuvj420p -b:v 6800k -minrate 6800k -maxrate 6800k -bufsize 13600k -b:a 320k -ar 44100 -vcodec libx264 -acodec aac -preset medium -r 30 -g 120 -tune zerolatency -threads 4 -f flv -reconnect 1 -reconnect_streamed 1 -reconnect_delay_max 5 rtmp://a.rtmp.youtube.com/live2/tbmw-c0tf-1656-65vf-5h4h
[18:16:26.741] ERROR (1): An error occurred: ffmpeg exited with code 1: /app/storage/videos/1MB16.mp4: No such file or directory

[18:18:24.147] INFO (1): Spawned Ffmpeg with command: ffmpeg -stream_loop -1 -re -i /app/storage/videos/1MB16.mp4 -pix_fmt yuvj420p -b:v 6800k -minrate 6800k -maxrate 6800k -bufsize 13600k -b:a 320k -ar 44100 -vcodec libx264 -acodec aac -preset medium -r 30 -g 120 -tune zerolatency -threads 4 -f flv -reconnect 1 -reconnect_streamed 1 -reconnect_delay_max 5 rtmp://a.rtmp.youtube.com/live2/tbmw-c0tf-1656-65vf-5h4h
[18:18:24.175] ERROR (1): An error occurred: ffmpeg exited with code 1: /app/storage/videos/1MB16.mp4: No such file or directory

[18:22:05.691] INFO (1): Spawned Ffmpeg with command: ffmpeg -stream_loop -1 -re -i /app/storage/videos/MB16.mp4 -pix_fmt yuvj420p -b:v 6800k -minrate 6800k -maxrate 6800k -bufsize 13600k -b:a 320k -ar 44100 -vcodec libx264 -acodec aac -preset medium -r 30 -g 120 -tune zerolatency -threads 4 -f flv -reconnect 1 -reconnect_streamed 1 -reconnect_delay_max 5 rtmp://a.rtmp.youtube.com/live2/tbmw-c0tf-1656-65vf-5h4h
[18:23:22.997] INFO (1): Spawned Ffmpeg with command: ffmpeg -stream_loop -1 -re -i /app/storage/videos/MB16.mp4 -pix_fmt yuvj420p -b:v 6800k -minrate 6800k -maxrate 6800k -bufsize 13600k -b:a 320k -ar 44100 -vcodec libx264 -acodec aac -preset medium -r 30 -g 120 -tune zerolatency -threads 4 -f flv -reconnect 1 -reconnect_streamed 1 -reconnect_delay_max 5 rtmp://a.rtmp.youtube.com/live2/tbmw-c0tf-1656-65vf-5h4h
[18:23:41.599] ERROR (1): An error occurred: ffmpeg was killed with signal SIGKILL
[18:38:33.243] INFO (1): Spawned Ffmpeg with command: ffmpeg -stream_loop -1 -re -i /app/storage/videos/MB16.mp4 -pix_fmt yuvj420p -b:v 6800k -minrate 6800k -maxrate 6800k -bufsize 13600k -b:a 320k -ar 44100 -vcodec libx264 -acodec aac -preset medium -r 30 -g 120 -tune zerolatency -threads 4 -f flv -reconnect 1 -reconnect_streamed 1 -reconnect_delay_max 5 rtmp://a.rtmp.youtube.com/live2/tbmw-c0tf-1656-65vf-5h4h
[18:38:52.052] ERROR (1): An error occurred: ffmpeg was killed with signal SIGKILL
[13:09:39.877] INFO (1): Spawned Ffmpeg with command: ffmpeg -stream_loop -1 -re -i /app/storage/videos/MB16.mp4 -pix_fmt yuvj420p -b:v 6800k -minrate 6800k -maxrate 6800k -bufsize 13600k -b:a 320k -ar 44100 -vcodec libx264 -acodec aac -preset medium -r 30 -g 120 -tune zerolatency -threads 4 -f flv -reconnect 1 -reconnect_streamed 1 -reconnect_delay_max 5 rtmp://a.rtmp.youtube.com/live2/wp1t-btfj-hd3u-wavp-fe99
[15:38:49.547] INFO (1): Spawned Ffmpeg with command: ffmpeg -stream_loop -1 -re -i /app/storage/videos/MB16.mp4 -pix_fmt yuvj420p -b:v 6800k -minrate 6800k -maxrate 6800k -bufsize 13600k -b:a 320k -ar 44100 -vcodec libx264 -acodec aac -preset medium -r 30 -g 120 -tune zerolatency -threads 4 -f flv -reconnect 1 -reconnect_streamed 1 -reconnect_delay_max 5 rtmp://a.rtmp.youtube.com/live2/wp1t-btfj-hd3u-wavp-fe99
[15:40:49.783] ERROR (1): An error occurred: ffmpeg was killed with signal SIGKILL
[15:41:05.905] INFO (1): Spawned Ffmpeg with command: ffmpeg -stream_loop -1 -re -i /app/storage/videos/MB16.mp4 -pix_fmt yuvj420p -b:v 6800k -minrate 6800k -maxrate 6800k -bufsize 13600k -b:a 320k -ar 44100 -vcodec libx264 -acodec aac -preset medium -r 30 -g 120 -tune zerolatency -threads 4 -f flv -reconnect 1 -reconnect_streamed 1 -reconnect_delay_max 5 rtmp://a.rtmp.youtube.com/live2/wp1t-btfj-hd3u-wavp-fe99
[16:01:16.737] INFO (1): Spawned Ffmpeg with command: ffmpeg -stream_loop -1 -re -i /app/storage/videos/MB16.mp4 -pix_fmt yuvj420p -b:v 6800k -minrate 6800k -maxrate 6800k -bufsize 13600k -b:a 320k -ar 44100 -vcodec libx264 -acodec aac -preset medium -r 30 -g 120 -tune zerolatency -threads 4 -f flv -reconnect 1 -reconnect_streamed 1 -reconnect_delay_max 5 rtmp://a.rtmp.youtube.com/live2/wp1t-btfj-hd3u-wavp-fe99
[16:01:19.909] INFO (1): Spawned Ffmpeg with command: ffmpeg -stream_loop -1 -re -i /app/storage/videos/MB16.mp4 -pix_fmt yuvj420p -b:v 6800k -minrate 6800k -maxrate 6800k -bufsize 13600k -b:a 320k -ar 44100 -vcodec libx264 -acodec aac -preset medium -r 30 -g 120 -tune zerolatency -threads 4 -f flv -reconnect 1 -reconnect_streamed 1 -reconnect_delay_max 5 rtmp://a.rtmp.youtube.com/live2/wp1t-btfj-hd3u-wavp-fe99
[16:01:22.707] INFO (1): Spawned Ffmpeg with command: ffmpeg -stream_loop -1 -re -i /app/storage/videos/MB16.mp4 -pix_fmt yuvj420p -b:v 6800k -minrate 6800k -maxrate 6800k -bufsize 13600k -b:a 320k -ar 44100 -vcodec libx264 -acodec aac -preset medium -r 30 -g 120 -tune zerolatency -threads 4 -f flv -reconnect 1 -reconnect_streamed 1 -reconnect_delay_max 5 rtmp://a.rtmp.youtube.com/live2/wp1t-btfj-hd3u-wavp-fe99
[16:01:25.332] INFO (1): Spawned Ffmpeg with command: ffmpeg -stream_loop -1 -re -i /app/storage/videos/MB16.mp4 -pix_fmt yuvj420p -b:v 6800k -minrate 6800k -maxrate 6800k -bufsize 13600k -b:a 320k -ar 44100 -vcodec libx264 -acodec aac -preset medium -r 30 -g 120 -tune zerolatency -threads 4 -f flv -reconnect 1 -reconnect_streamed 1 -reconnect_delay_max 5 rtmp://a.rtmp.youtube.com/live2/wp1t-btfj-hd3u-wavp-fe99
[16:01:28.146] INFO (1): Spawned Ffmpeg with command: ffmpeg -stream_loop -1 -re -i /app/storage/videos/MB16.mp4 -pix_fmt yuvj420p -b:v 6800k -minrate 6800k -maxrate 6800k -bufsize 13600k -b:a 320k -ar 44100 -vcodec libx264 -acodec aac -preset medium -r 30 -g 120 -tune zerolatency -threads 4 -f flv -reconnect 1 -reconnect_streamed 1 -reconnect_delay_max 5 rtmp://a.rtmp.youtube.com/live2/wp1t-btfj-hd3u-wavp-fe99
[16:01:31.104] INFO (1): Spawned Ffmpeg with command: ffmpeg -stream_loop -1 -re -i /app/storage/videos/MB16.mp4 -pix_fmt yuvj420p -b:v 6800k -minrate 6800k -maxrate 6800k -bufsize 13600k -b:a 320k -ar 44100 -vcodec libx264 -acodec aac -preset medium -r 30 -g 120 -tune zerolatency -threads 4 -f flv -reconnect 1 -reconnect_streamed 1 -reconnect_delay_max 5 rtmp://a.rtmp.youtube.com/live2/wp1t-btfj-hd3u-wavp-fe99
[16:01:34.735] INFO (1): Spawned Ffmpeg with command: ffmpeg -stream_loop -1 -re -i /app/storage/videos/MB16.mp4 -pix_fmt yuvj420p -b:v 6800k -minrate 6800k -maxrate 6800k -bufsize 13600k -b:a 320k -ar 44100 -vcodec libx264 -acodec aac -preset medium -r 30 -g 120 -tune zerolatency -threads 4 -f flv -reconnect 1 -reconnect_streamed 1 -reconnect_delay_max 5 rtmp://a.rtmp.youtube.com/live2/wp1t-btfj-hd3u-wavp-fe99
[16:04:08.690] ERROR (1): An error occurred: ffmpeg was killed with signal SIGKILL
[16:04:10.595] ERROR (1): An error occurred: ffmpeg was killed with signal SIGKILL
[16:04:12.403] ERROR (1): An error occurred: ffmpeg was killed with signal SIGKILL
[16:04:14.595] ERROR (1): An error occurred: ffmpeg was killed with signal SIGKILL
[16:04:16.669] ERROR (1): An error occurred: ffmpeg was killed with signal SIGKILL
[16:04:18.347] ERROR (1): An error occurred: ffmpeg was killed with signal SIGKILL
[16:04:20.006] ERROR (1): An error occurred: ffmpeg was killed with signal SIGKILL
[16:04:23.782] ERROR (1): An error occurred: ffmpeg was killed with signal SIGKILL
[00:43:17.633] INFO (1): Spawned Ffmpeg with command: ffmpeg -stream_loop -1 -re -i /app/storage//videos/MB16.mp4 -pix_fmt yuvj420p -b:v 6800k -minrate 6800k -maxrate 6800k -bufsize 13600k -b:a 320k -ar 44100 -vcodec libx264 -acodec aac -preset medium -r 30 -g 120 -tune zerolatency -threads 4 -f flv -reconnect 1 -reconnect_streamed 1 -reconnect_delay_max 5 rtmp://a.rtmp.youtube.com/live2/wp1t-btfj-hd3u-wavp-fe99
[00:43:43.112] ERROR (1): An error occurred: ffmpeg was killed with signal SIGKILL
[00:45:57.881] INFO (1): Spawned Ffmpeg with command: ffmpeg -stream_loop -1 -re -i /app/storage//videos/MB16.mp4 -pix_fmt yuvj420p -b:v 6800k -minrate 6800k -maxrate 6800k -bufsize 13600k -b:a 320k -ar 44100 -vcodec libx264 -acodec aac -preset medium -r 30 -g 120 -tune zerolatency -threads 4 -f flv -reconnect 1 -reconnect_streamed 1 -reconnect_delay_max 5 rtmp://a.rtmp.youtube.com/live2/wp1t-btfj-hd3u-wavp-fe99
[00:46:39.438] ERROR (1): An error occurred: ffmpeg was killed with signal SIGKILL
[00:53:06.393] INFO (1): Spawned Ffmpeg with command: ffmpeg -stream_loop -1 -re -i /app/storage//videos/MB16.mp4 -pix_fmt yuvj420p -b:v 6800k -minrate 6800k -maxrate 6800k -bufsize 13600k -b:a 320k -ar 44100 -vcodec libx264 -acodec aac -preset medium -r 30 -g 120 -tune zerolatency -threads 4 -f flv -reconnect 1 -reconnect_streamed 1 -reconnect_delay_max 5 rtmp://a.rtmp.youtube.com/live2/wp1t-btfj-hd3u-wavp-fe99
[00:55:12.617] ERROR (1): An error occurred: ffmpeg was killed with signal SIGKILL
[00:57:24.389] INFO (1): Spawned Ffmpeg with command: ffmpeg -stream_loop -1 -re -i /app/storage//videos/MB16.mp4 -pix_fmt yuvj420p -b:v 6800k -minrate 6800k -maxrate 6800k -bufsize 13600k -b:a 320k -ar 44100 -vcodec libx264 -acodec aac -preset medium -r 30 -g 120 -tune zerolatency -threads 4 -f flv -reconnect 1 -reconnect_streamed 1 -reconnect_delay_max 5 rtmp://a.rtmp.youtube.com/live2/wp1t-btfj-hd3u-wavp-fe99
[00:57:26.676] INFO (1): Spawned Ffmpeg with command: ffmpeg -stream_loop -1 -re -i /app/storage//videos/MB16.mp4 -pix_fmt yuvj420p -b:v 6800k -minrate 6800k -maxrate 6800k -bufsize 13600k -b:a 320k -ar 44100 -vcodec libx264 -acodec aac -preset medium -r 30 -g 120 -tune zerolatency -threads 4 -f flv -reconnect 1 -reconnect_streamed 1 -reconnect_delay_max 5 rtmp://a.rtmp.youtube.com/live2/wp1t-btfj-hd3u-wavp-fe99
[00:57:33.988] ERROR (1): An error occurred: ffmpeg was killed with signal SIGKILL
[00:57:56.681] INFO (1): Spawned Ffmpeg with command: ffmpeg -stream_loop -1 -re -i /app/storage//videos/MB16.mp4 -pix_fmt yuvj420p -b:v 6800k -minrate 6800k -maxrate 6800k -bufsize 13600k -b:a 320k -ar 44100 -vcodec libx264 -acodec aac -preset medium -r 30 -g 120 -tune zerolatency -threads 4 -f flv -reconnect 1 -reconnect_streamed 1 -reconnect_delay_max 5 rtmp://a.rtmp.youtube.com/live2/wp1t-btfj-hd3u-wavp-fe99
[00:58:39.983] ERROR (1): An error occurred: ffmpeg was killed with signal SIGKILL
[01:00:24.266] INFO (1): Spawned Ffmpeg with command: ffmpeg -stream_loop -1 -re -i /app/storage//videos/MB16.mp4 -pix_fmt yuvj420p -b:v 6800k -minrate 6800k -maxrate 6800k -bufsize 13600k -b:a 320k -ar 44100 -vcodec libx264 -acodec aac -preset medium -r 30 -g 120 -tune zerolatency -threads 4 -f flv -reconnect 1 -reconnect_streamed 1 -reconnect_delay_max 5 rtmp://a.rtmp.youtube.com/live2/wp1t-btfj-hd3u-wavp-fe99
[01:05:05.011] ERROR (1): An error occurred: ffmpeg was killed with signal SIGKILL
[01:05:17.993] INFO (1): Spawned Ffmpeg with command: ffmpeg -stream_loop -1 -re -i /app/storage//videos/MB16.mp4 -y -pix_fmt yuvj420p -b:v 6800k -minrate 6800k -maxrate 6800k -bufsize 13600k -b:a 320k -ar 44100 -vcodec libx264 -acodec aac -preset medium -r 30 -g 120 -tune zerolatency -threads 4 -f flv -reconnect 1 -reconnect_streamed 1 -reconnect_delay_max 5  <!-- On Air Indicator -->       <div v-if="isStreaming" class="on-air-indicator">         <span>On Air</span>       </div>
[01:05:18.051] ERROR (1): An error occurred: ffmpeg exited with code 1: 
[01:06:09.100] INFO (1): Spawned Ffmpeg with command: ffmpeg -stream_loop -1 -re -i /app/storage//videos/MB16.mp4 -pix_fmt yuvj420p -b:v 6800k -minrate 6800k -maxrate 6800k -bufsize 13600k -b:a 320k -ar 44100 -vcodec libx264 -acodec aac -preset medium -r 30 -g 120 -tune zerolatency -threads 4 -f flv -reconnect 1 -reconnect_streamed 1 -reconnect_delay_max 5 rtmp://a.rtmp.youtube.com/live2/wp1t-btfj-hd3u-wavp-fe99
[01:07:45.863] ERROR (1): An error occurred: ffmpeg was killed with signal SIGKILL
[01:08:48.447] INFO (1): Spawned Ffmpeg with command: ffmpeg -stream_loop -1 -re -i /app/storage//videos/MB16.mp4 -pix_fmt yuvj420p -b:v 6800k -minrate 6800k -maxrate 6800k -bufsize 13600k -b:a 320k -ar 44100 -vcodec libx264 -acodec aac -preset medium -r 30 -g 120 -tune zerolatency -threads 4 -f flv -reconnect 1 -reconnect_streamed 1 -reconnect_delay_max 5 rtmp://a.rtmp.youtube.com/live2/wp1t-btfj-hd3u-wavp-fe99
[01:09:35.561] ERROR (1): An error occurred: ffmpeg was killed with signal SIGKILL
[01:09:37.278] INFO (1): Spawned Ffmpeg with command: ffmpeg -stream_loop -1 -re -i /app/storage//videos/MB16.mp4 -pix_fmt yuvj420p -b:v 6800k -minrate 6800k -maxrate 6800k -bufsize 13600k -b:a 320k -ar 44100 -vcodec libx264 -acodec aac -preset medium -r 30 -g 120 -tune zerolatency -threads 4 -f flv -reconnect 1 -reconnect_streamed 1 -reconnect_delay_max 5 rtmp://a.rtmp.youtube.com/live2/wp1t-btfj-hd3u-wavp-fe99
[01:43:18.606] INFO (1): Spawned Ffmpeg with command: ffmpeg -stream_loop -1 -re -i /app/storage//sefsdf/MB16.mp4 -pix_fmt yuvj420p -b:v 6800k -minrate 6800k -maxrate 6800k -bufsize 13600k -b:a 320k -ar 44100 -vcodec libx264 -acodec aac -preset medium -r 30 -g 120 -tune zerolatency -threads 4 -f flv -reconnect 1 -reconnect_streamed 1 -reconnect_delay_max 5 rtmp://a.rtmp.youtube.com/live2/wp1t-btfj-hd3u-wavp-fe99
[02:06:30.584] INFO (1): Spawned Ffmpeg with command: ffmpeg -stream_loop -1 -re -i /app/storage//n5mno5ygv/MB16.mp4 -pix_fmt yuvj420p -b:v 6800k -minrate 6800k -maxrate 6800k -bufsize 13600k -b:a 320k -ar 44100 -vcodec libx264 -acodec aac -preset medium -r 30 -g 120 -tune zerolatency -threads 4 -f flv -reconnect 1 -reconnect_streamed 1 -reconnect_delay_max 5 rtmp://a.rtmp.youtube.com/live2/wp1t-btfj-hd3u-wavp-fe99
[02:07:01.204] ERROR (1): An error occurred: ffmpeg was killed with signal SIGKILL
[02:42:21.134] INFO (1): Spawned Ffmpeg with command: ffmpeg -stream_loop -1 -re -i /app/storage//videos/MB16.mp4 -pix_fmt yuvj420p -b:v 6800k -minrate 6800k -maxrate 6800k -bufsize 13600k -b:a 320k -ar 44100 -vcodec libx264 -acodec aac -preset medium -r 30 -g 120 -tune zerolatency -threads 4 -f flv -reconnect 1 -reconnect_streamed 1 -reconnect_delay_max 5 rtmp://a.rtmp.youtube.com/live2/wp1t-btfj-hd3u-wavp-fe99
[02:42:21.170] ERROR (1): An error occurred: ffmpeg exited with code 1: /app/storage//videos/MB16.mp4: No such file or directory

[02:50:50.948] INFO (1): Spawned Ffmpeg with command: ffmpeg -stream_loop -1 -re -i /app/storage//43paqd64v/MB16.mp4 -pix_fmt yuvj420p -b:v 6800k -minrate 6800k -maxrate 6800k -bufsize 13600k -b:a 320k -ar 44100 -vcodec libx264 -acodec aac -preset medium -r 30 -g 120 -tune zerolatency -threads 4 -f flv -reconnect 1 -reconnect_streamed 1 -reconnect_delay_max 5 rtmp://a.rtmp.youtube.com/live2/wp1t-btfj-hd3u-wavp-fe99
[02:53:58.041] ERROR (1): An error occurred: ffmpeg was killed with signal SIGKILL
[02:55:10.506] INFO (1): Spawned Ffmpeg with command: ffmpeg -stream_loop -1 -re -i /app/storage//7ke5kzdcr/How-To-Create-PostrgeSQL-in-google-cloud.mp4 -pix_fmt yuvj420p -b:v 6800k -minrate 6800k -maxrate 6800k -bufsize 13600k -b:a 320k -ar 44100 -vcodec libx264 -acodec aac -preset medium -r 30 -g 120 -tune zerolatency -threads 4 -f flv -reconnect 1 -reconnect_streamed 1 -reconnect_delay_max 5 rtmp://a.rtmp.youtube.com/live2/wp1t-btfj-hd3u-wavp-fe99
[02:56:03.931] ERROR (1): An error occurred: ffmpeg was killed with signal SIGKILL
[02:58:28.951] INFO (1): Spawned Ffmpeg with command: ffmpeg -stream_loop -1 -re -i /app/storage//nb1ft1yea/MB16.mp4 -pix_fmt yuvj420p -b:v 6800k -minrate 6800k -maxrate 6800k -bufsize 13600k -b:a 320k -ar 44100 -vcodec libx264 -acodec aac -preset medium -r 30 -g 120 -tune zerolatency -threads 4 -f flv -reconnect 1 -reconnect_streamed 1 -reconnect_delay_max 5 rtmp://a.rtmp.youtube.com/live2/wp1t-btfj-hd3u-wavp-fe99
[02:59:06.992] ERROR (1): An error occurred: ffmpeg was killed with signal SIGKILL
[03:15:47.193] ERROR (1): An error occurred: ffmpeg exited with code 1: Conversion failed!

[11:39:42.381] INFO (1): Spawned Ffmpeg with command: ffmpeg -stream_loop -1 -re -i /app/storage//hucmjvvxy/MB16.mp4 -pix_fmt yuvj420p -b:v 6800k -minrate 6800k -maxrate 6800k -bufsize 13600k -b:a 320k -ar 44100 -vcodec libx264 -acodec aac -preset medium -r 30 -g 120 -tune zerolatency -threads 4 -f flv -reconnect 1 -reconnect_streamed 1 -reconnect_delay_max 5 rtmp://a.rtmp.youtube.com/live2/wp1t-btfj-hd3u-wavp-fe99
[11:40:03.596] ERROR (1): An error occurred: ffmpeg exited with code 1: rtmp://a.rtmp.youtube.com/live2/wp1t-btfj-hd3u-wavp-fe99: Connection timed out

[11:42:11.123] INFO (1): Spawned Ffmpeg with command: ffmpeg -stream_loop -1 -re -i /app/storage//videos/MB16.mp4 -pix_fmt yuvj420p -b:v 6800k -minrate 6800k -maxrate 6800k -bufsize 13600k -b:a 320k -ar 44100 -vcodec libx264 -acodec aac -preset medium -r 30 -g 120 -tune zerolatency -threads 4 -f flv -reconnect 1 -reconnect_streamed 1 -reconnect_delay_max 5 rtmp://a.rtmp.youtube.com/live2/wp1t-btfj-hd3u-wavp-fe99
[11:42:11.149] ERROR (1): An error occurred: ffmpeg exited with code 1: /app/storage//videos/MB16.mp4: No such file or directory

[11:42:34.150] INFO (1): Spawned Ffmpeg with command: ffmpeg -stream_loop -1 -re -i /app/storage//videos/MB16.mp4 -pix_fmt yuvj420p -b:v 6800k -minrate 6800k -maxrate 6800k -bufsize 13600k -b:a 320k -ar 44100 -vcodec libx264 -acodec aac -preset medium -r 30 -g 120 -tune zerolatency -threads 4 -f flv -reconnect 1 -reconnect_streamed 1 -reconnect_delay_max 5 rtmp://a.rtmp.youtube.com/live2/wp1t-btfj-hd3u-wavp-fe99
[11:42:34.194] ERROR (1): An error occurred: ffmpeg exited with code 1: /app/storage//videos/MB16.mp4: No such file or directory

[11:42:46.240] INFO (1): Spawned Ffmpeg with command: ffmpeg -stream_loop -1 -re -i /app/storage//videos/MB16.mp4 -pix_fmt yuvj420p -b:v 6800k -minrate 6800k -maxrate 6800k -bufsize 13600k -b:a 320k -ar 44100 -vcodec libx264 -acodec aac -preset medium -r 30 -g 120 -tune zerolatency -threads 4 -f flv -reconnect 1 -reconnect_streamed 1 -reconnect_delay_max 5 rtmp://a.rtmp.youtube.com/live2/wp1t-btfj-hd3u-wavp-fe99
[11:42:46.272] ERROR (1): An error occurred: ffmpeg exited with code 1: /app/storage//videos/MB16.mp4: No such file or directory

[11:43:30.395] INFO (1): Spawned Ffmpeg with command: ffmpeg -stream_loop -1 -re -i /app/storage/hucmjvvxy/MB16.mp4 -pix_fmt yuvj420p -b:v 6800k -minrate 6800k -maxrate 6800k -bufsize 13600k -b:a 320k -ar 44100 -vcodec libx264 -acodec aac -preset medium -r 30 -g 120 -tune zerolatency -threads 4 -f flv -reconnect 1 -reconnect_streamed 1 -reconnect_delay_max 5 rtmp://a.rtmp.youtube.com/live2/wp1t-btfj-hd3u-wavp-fe99
[11:46:17.721] INFO (1): Spawned Ffmpeg with command: ffmpeg -stream_loop -1 -re -i /app/storage//videos/MB16.mp4 -pix_fmt yuvj420p -b:v 6800k -minrate 6800k -maxrate 6800k -bufsize 13600k -b:a 320k -ar 44100 -vcodec libx264 -acodec aac -preset medium -r 30 -g 120 -tune zerolatency -threads 4 -f flv -reconnect 1 -reconnect_streamed 1 -reconnect_delay_max 5 rtmp://a.rtmp.youtube.com/live2/wp1t-btfj-hd3u-wavp-fe99
[11:46:17.745] ERROR (1): An error occurred: ffmpeg exited with code 1: /app/storage//videos/MB16.mp4: No such file or directory

[11:46:58.941] INFO (1): Spawned Ffmpeg with command: ffmpeg -stream_loop -1 -re -i /app/storage//videos/MB16.mp4 -pix_fmt yuvj420p -b:v 6800k -minrate 6800k -maxrate 6800k -bufsize 13600k -b:a 320k -ar 44100 -vcodec libx264 -acodec aac -preset medium -r 30 -g 120 -tune zerolatency -threads 4 -f flv -reconnect 1 -reconnect_streamed 1 -reconnect_delay_max 5 rtmp://a.rtmp.youtube.com/live2/wp1t-btfj-hd3u-wavp-fe99
[11:46:58.985] ERROR (1): An error occurred: ffmpeg exited with code 1: /app/storage//videos/MB16.mp4: No such file or directory

[11:48:25.263] INFO (1): Spawned Ffmpeg with command: ffmpeg -stream_loop -1 -re -i /app/storage/hucmjvvxy/MB16.mp4 -pix_fmt yuvj420p -b:v 6800k -minrate 6800k -maxrate 6800k -bufsize 13600k -b:a 320k -ar 44100 -vcodec libx264 -acodec aac -preset medium -r 30 -g 120 -tune zerolatency -threads 4 -f flv -reconnect 1 -reconnect_streamed 1 -reconnect_delay_max 5 rtmp://a.rtmp.youtube.com/live2/wp1t-btfj-hd3u-wavp-fe99
[11:48:34.716] ERROR (1): An error occurred: ffmpeg was killed with signal SIGKILL
[11:59:51.080] INFO (1): Spawned Ffmpeg with command: ffmpeg -stream_loop -1 -re -i /app/storage//x8rekbfre/MB16.mp4 -pix_fmt yuvj420p -b:v 6800k -minrate 6800k -maxrate 6800k -bufsize 13600k -b:a 320k -ar 44100 -vcodec libx264 -acodec aac -preset medium -r 30 -g 120 -tune zerolatency -threads 4 -f flv -reconnect 1 -reconnect_streamed 1 -reconnect_delay_max 5 rtmp://a.rtmp.youtube.com/live2/wp1t-btfj-hd3u-wavp-fe99
[12:00:24.295] ERROR (1): An error occurred: ffmpeg was killed with signal SIGKILL
[12:29:53.297] INFO (1): Spawned Ffmpeg with command: ffmpeg -stream_loop -1 -re -i /app/storage//t2hdzy0h6/MB16.mp4 -pix_fmt yuvj420p -b:v 6800k -minrate 6800k -maxrate 6800k -bufsize 13600k -b:a 320k -ar 44100 -vcodec libx264 -acodec aac -preset medium -r 30 -g 120 -tune zerolatency -threads 4 -f flv -reconnect 1 -reconnect_streamed 1 -reconnect_delay_max 5 rtmp://a.rtmp.youtube.com/live2/wp1t-btfj-hd3u-wavp-fe99
[12:30:14.525] ERROR (1): An error occurred: ffmpeg exited with code 1: rtmp://a.rtmp.youtube.com/live2/wp1t-btfj-hd3u-wavp-fe99: Connection timed out

[12:30:49.622] INFO (1): Spawned Ffmpeg with command: ffmpeg -stream_loop -1 -re -i /app/storage/t2hdzy0h6/MB16.mp4 -pix_fmt yuvj420p -b:v 6800k -minrate 6800k -maxrate 6800k -bufsize 13600k -b:a 320k -ar 44100 -vcodec libx264 -acodec aac -preset medium -r 30 -g 120 -tune zerolatency -threads 4 -f flv -reconnect 1 -reconnect_streamed 1 -reconnect_delay_max 5 rtmp://a.rtmp.youtube.com/live2/wp1t-btfj-hd3u-wavp-fe99
[12:35:35.526] ERROR (1): An error occurred: ffmpeg was killed with signal SIGKILL
[12:47:56.209] INFO (1): Spawned Ffmpeg with command: ffmpeg -stream_loop -1 -re -i /app/storage//c3pcafc54/MB16.mp4 -pix_fmt yuvj420p -b:v 6800k -minrate 6800k -maxrate 6800k -bufsize 13600k -b:a 320k -ar 44100 -vcodec libx264 -acodec aac -preset medium -r 30 -g 120 -tune zerolatency -threads 4 -f flv -reconnect 1 -reconnect_streamed 1 -reconnect_delay_max 5 rtmp://a.rtmp.youtube.com/live2/wp1t-btfj-hd3u-wavp-fe99
[12:48:42.811] ERROR (1): An error occurred: ffmpeg was killed with signal SIGKILL
